<?xml version="1.0" encoding="UTF-8"?>
<!-- Generated by org.testng.reporters.JUnitReportReporter -->
<testsuite hostname="My-MacBook-Air.lan" failures="0" tests="8" name="progressiveTestCases.ProgressiveTest" time="66.525" errors="0" timestamp="2021-02-24T21:43:36 CST" skipped="0">
  <testcase classname="progressiveTestCases.ProgressiveTest" name="testCase2" time="3.489"/>
  <system-out/>
  <testcase classname="progressiveTestCases.ProgressiveTest" name="testCase4" time="22.338"/>
  <system-out/>
  <testcase classname="progressiveTestCases.ProgressiveTest" name="testCase8" time="4.574"/>
  <system-out/>
  <testcase classname="progressiveTestCases.ProgressiveTest" name="testCase6" time="3.150"/>
  <system-out/>
  <testcase classname="progressiveTestCases.ProgressiveTest" name="testCase1" time="0.283"/>
  <system-out/>
  <testcase classname="progressiveTestCases.ProgressiveTest" name="testCase5" time="13.426"/>
  <system-out/>
  <testcase classname="progressiveTestCases.ProgressiveTest" name="testCase7" time="9.767"/>
  <system-out/>
  <testcase classname="progressiveTestCases.ProgressiveTest" name="testCase3" time="9.498"/>
  <system-out/>
</testsuite> <!-- progressiveTestCases.ProgressiveTest -->
